<?xml version="1.0" encoding="UTF-8"?>
<testng-results ignored="0" total="1" passed="1" failed="0" skipped="0">
  <reporter-output>
  </reporter-output>
  <suite started-at="2023-10-08T21:00:34 IST" name="Suite" finished-at="2023-10-08T21:00:40 IST" duration-ms="6105">
    <groups>
    </groups>
    <test started-at="2023-10-08T21:00:34 IST" name="Test" finished-at="2023-10-08T21:00:40 IST" duration-ms="6105">
      <class name="testnew.LoginTest">
        <test-method is-config="true" signature="setup()[pri:0, instance:testnew.LoginTest@606e4010]" started-at="2023-10-08T21:00:35 IST" name="setup" finished-at="2023-10-08T21:00:40 IST" duration-ms="5427" status="PASS">
          <reporter-output>
          </reporter-output>
        </test-method> <!-- setup -->
        <test-method signature="login()[pri:0, instance:testnew.LoginTest@606e4010]" started-at="2023-10-08T21:00:40 IST" name="login" finished-at="2023-10-08T21:00:40 IST" duration-ms="299" status="PASS">
          <reporter-output>
          </reporter-output>
        </test-method> <!-- login -->
      </class> <!-- testnew.LoginTest -->
    </test> <!-- Test -->
  </suite> <!-- Suite -->
</testng-results>
